WARNING: A terminally deprecated method in sun.misc.Unsafe has been called
WARNING: sun.misc.Unsafe::staticFieldBase has been called by com.google.inject.internal.aop.HiddenClassDefiner (file:/opt/homebrew/Cellar/maven/3.9.11/libexec/lib/guice-5.1.0-classes.jar)
WARNING: Please consider reporting this to the maintainers of class com.google.inject.internal.aop.HiddenClassDefiner
WARNING: sun.misc.Unsafe::staticFieldBase will be removed in a future release
[INFO] Scanning for projects...
[INFO] 
[INFO] -------------< com.gefrierschrank:gefrierschrank-backend >--------------
[INFO] Building Gefrierschrank Management Backend 0.1.0-SNAPSHOT
[INFO]   from pom.xml
[INFO] --------------------------------[ jar ]---------------------------------
[INFO] 
[INFO] >>> spring-boot:3.2.0:run (default-cli) > test-compile @ gefrierschrank-backend >>>
[INFO] 
[INFO] --- jacoco:0.8.8:prepare-agent (default) @ gefrierschrank-backend ---
[INFO] argLine set to -javaagent:/Users/maik.hirthe/.m2/repository/org/jacoco/org.jacoco.agent/0.8.8/org.jacoco.agent-0.8.8-runtime.jar=destfile=/Users/maik.hirthe/Documents/Dev/gs-mgmt/backend/target/jacoco.exec
[INFO] 
[INFO] --- resources:3.3.1:resources (default-resources) @ gefrierschrank-backend ---
[INFO] Copying 2 resources from src/main/resources to target/classes
[INFO] Copying 0 resource from src/main/resources to target/classes
[INFO] 
[INFO] --- compiler:3.11.0:compile (default-compile) @ gefrierschrank-backend ---
[INFO] Changes detected - recompiling the module! :source
[INFO] Compiling 17 source files with javac [debug release 17] to target/classes
[WARNING] /Users/maik.hirthe/Documents/Dev/gs-mgmt/backend/src/main/java/com/gefrierschrank/app/config/SecurityConfig.java:[74,40] frameOptions() in org.springframework.security.config.annotation.web.configurers.HeadersConfigurer ist veraltet und wurde zum Entfernen markiert
[INFO] 
[INFO] --- resources:3.3.1:testResources (default-testResources) @ gefrierschrank-backend ---
[INFO] skip non existing resourceDirectory /Users/maik.hirthe/Documents/Dev/gs-mgmt/backend/src/test/resources
[INFO] 
[INFO] --- compiler:3.11.0:testCompile (default-testCompile) @ gefrierschrank-backend ---
[INFO] Changes detected - recompiling the module! :dependency
[INFO] Compiling 6 source files with javac [debug release 17] to target/test-classes
[INFO] 
[INFO] <<< spring-boot:3.2.0:run (default-cli) < test-compile @ gefrierschrank-backend <<<
[INFO] 
[INFO] 
[INFO] --- spring-boot:3.2.0:run (default-cli) @ gefrierschrank-backend ---
[INFO] Attaching agents: []
Standard Commons Logging discovery in action with spring-jcl: please remove commons-logging.jar from classpath in order to avoid potential conflicts

  .   ____          _            __ _ _
 /\\ / ___'_ __ _ _(_)_ __  __ _ \ \ \ \
( ( )\___ | '_ | '_| | '_ \/ _` | \ \ \ \
 \\/  ___)| |_)| | | | | || (_| |  ) ) ) )
  '  |____| .__|_| |_|_| |_\__, | / / / /
 =========|_|==============|___/=/_/_/_/
[32m :: Spring Boot :: [39m              [2m (v3.2.0)[0;39m

[2m2025-07-20T15:04:57.952+02:00[0;39m [32m INFO[0;39m [35m23298[0;39m [2m---[0;39m [2m[gefrierschrank-backend] [           main][0;39m [2m[0;39m[36mc.g.app.GefrierschrankApplication       [0;39m [2m:[0;39m Starting GefrierschrankApplication using Java 24.0.1 with PID 23298 (/Users/maik.hirthe/Documents/Dev/gs-mgmt/backend/target/classes started by maik.hirthe in /Users/maik.hirthe/Documents/Dev/gs-mgmt/backend)
[2m2025-07-20T15:04:57.953+02:00[0;39m [32mDEBUG[0;39m [35m23298[0;39m [2m---[0;39m [2m[gefrierschrank-backend] [           main][0;39m [2m[0;39m[36mc.g.app.GefrierschrankApplication       [0;39m [2m:[0;39m Running with Spring Boot v3.2.0, Spring v6.1.1
[2m2025-07-20T15:04:57.953+02:00[0;39m [32m INFO[0;39m [35m23298[0;39m [2m---[0;39m [2m[gefrierschrank-backend] [           main][0;39m [2m[0;39m[36mc.g.app.GefrierschrankApplication       [0;39m [2m:[0;39m No active profile set, falling back to 1 default profile: "default"
[2m2025-07-20T15:04:58.171+02:00[0;39m [32m INFO[0;39m [35m23298[0;39m [2m---[0;39m [2m[gefrierschrank-backend] [           main][0;39m [2m[0;39m[36m.s.d.r.c.RepositoryConfigurationDelegate[0;39m [2m:[0;39m Bootstrapping Spring Data JPA repositories in DEFAULT mode.
[2m2025-07-20T15:04:58.214+02:00[0;39m [32m INFO[0;39m [35m23298[0;39m [2m---[0;39m [2m[gefrierschrank-backend] [           main][0;39m [2m[0;39m[36m.s.d.r.c.RepositoryConfigurationDelegate[0;39m [2m:[0;39m Finished Spring Data repository scanning in 41 ms. Found 1 JPA repository interface.
WARNING: A restricted method in java.lang.System has been called
WARNING: java.lang.System::load has been called by org.apache.tomcat.jni.Library in an unnamed module (file:/Users/maik.hirthe/.m2/repository/org/apache/tomcat/embed/tomcat-embed-core/10.1.16/tomcat-embed-core-10.1.16.jar)
WARNING: Use --enable-native-access=ALL-UNNAMED to avoid a warning for callers in this module
WARNING: Restricted methods will be blocked in a future release unless native access is enabled

[2m2025-07-20T15:04:58.400+02:00[0;39m [32m INFO[0;39m [35m23298[0;39m [2m---[0;39m [2m[gefrierschrank-backend] [           main][0;39m [2m[0;39m[36mo.s.b.w.embedded.tomcat.TomcatWebServer [0;39m [2m:[0;39m Tomcat initialized with port 8080 (http)
[2m2025-07-20T15:04:58.402+02:00[0;39m [32m INFO[0;39m [35m23298[0;39m [2m---[0;39m [2m[gefrierschrank-backend] [           main][0;39m [2m[0;39m[36mo.apache.catalina.core.StandardService  [0;39m [2m:[0;39m Starting service [Tomcat]
[2m2025-07-20T15:04:58.403+02:00[0;39m [32m INFO[0;39m [35m23298[0;39m [2m---[0;39m [2m[gefrierschrank-backend] [           main][0;39m [2m[0;39m[36mo.apache.catalina.core.StandardEngine   [0;39m [2m:[0;39m Starting Servlet engine: [Apache Tomcat/10.1.16]
[2m2025-07-20T15:04:58.418+02:00[0;39m [32m INFO[0;39m [35m23298[0;39m [2m---[0;39m [2m[gefrierschrank-backend] [           main][0;39m [2m[0;39m[36mo.a.c.c.C.[Tomcat].[localhost].[/]      [0;39m [2m:[0;39m Initializing Spring embedded WebApplicationContext
[2m2025-07-20T15:04:58.418+02:00[0;39m [32m INFO[0;39m [35m23298[0;39m [2m---[0;39m [2m[gefrierschrank-backend] [           main][0;39m [2m[0;39m[36mw.s.c.ServletWebServerApplicationContext[0;39m [2m:[0;39m Root WebApplicationContext: initialization completed in 451 ms
Standard Commons Logging discovery in action with spring-jcl: please remove commons-logging.jar from classpath in order to avoid potential conflicts
[2m2025-07-20T15:04:58.429+02:00[0;39m [32m INFO[0;39m [35m23298[0;39m [2m---[0;39m [2m[gefrierschrank-backend] [           main][0;39m [2m[0;39m[36mcom.zaxxer.hikari.HikariDataSource      [0;39m [2m:[0;39m HikariPool-1 - Starting...
[2m2025-07-20T15:04:58.507+02:00[0;39m [32m INFO[0;39m [35m23298[0;39m [2m---[0;39m [2m[gefrierschrank-backend] [           main][0;39m [2m[0;39m[36mcom.zaxxer.hikari.pool.HikariPool       [0;39m [2m:[0;39m HikariPool-1 - Added connection conn0: url=jdbc:h2:file:./data/gefrierschrank_db user=SA
[2m2025-07-20T15:04:58.508+02:00[0;39m [32m INFO[0;39m [35m23298[0;39m [2m---[0;39m [2m[gefrierschrank-backend] [           main][0;39m [2m[0;39m[36mcom.zaxxer.hikari.HikariDataSource      [0;39m [2m:[0;39m HikariPool-1 - Start completed.
[2m2025-07-20T15:04:58.512+02:00[0;39m [32m INFO[0;39m [35m23298[0;39m [2m---[0;39m [2m[gefrierschrank-backend] [           main][0;39m [2m[0;39m[36mo.s.b.a.h2.H2ConsoleAutoConfiguration   [0;39m [2m:[0;39m H2 console available at '/h2-console'. Database available at 'jdbc:h2:file:./data/gefrierschrank_db'
[2m2025-07-20T15:04:58.543+02:00[0;39m [32m INFO[0;39m [35m23298[0;39m [2m---[0;39m [2m[gefrierschrank-backend] [           main][0;39m [2m[0;39m[36mo.hibernate.jpa.internal.util.LogHelper [0;39m [2m:[0;39m HHH000204: Processing PersistenceUnitInfo [name: default]
[2m2025-07-20T15:04:58.555+02:00[0;39m [32m INFO[0;39m [35m23298[0;39m [2m---[0;39m [2m[gefrierschrank-backend] [           main][0;39m [2m[0;39m[36morg.hibernate.Version                   [0;39m [2m:[0;39m HHH000412: Hibernate ORM core version 6.3.1.Final
[2m2025-07-20T15:04:58.562+02:00[0;39m [32m INFO[0;39m [35m23298[0;39m [2m---[0;39m [2m[gefrierschrank-backend] [           main][0;39m [2m[0;39m[36mo.h.c.internal.RegionFactoryInitiator   [0;39m [2m:[0;39m HHH000026: Second-level cache disabled
[2m2025-07-20T15:04:58.612+02:00[0;39m [32m INFO[0;39m [35m23298[0;39m [2m---[0;39m [2m[gefrierschrank-backend] [           main][0;39m [2m[0;39m[36mo.s.o.j.p.SpringPersistenceUnitInfo     [0;39m [2m:[0;39m No LoadTimeWeaver setup: ignoring JPA class transformer
[2m2025-07-20T15:04:58.622+02:00[0;39m [33m WARN[0;39m [35m23298[0;39m [2m---[0;39m [2m[gefrierschrank-backend] [           main][0;39m [2m[0;39m[36morg.hibernate.orm.deprecation           [0;39m [2m:[0;39m HHH90000025: H2Dialect does not need to be specified explicitly using 'hibernate.dialect' (remove the property setting and it will be selected by default)
[2m2025-07-20T15:04:58.815+02:00[0;39m [32m INFO[0;39m [35m23298[0;39m [2m---[0;39m [2m[gefrierschrank-backend] [           main][0;39m [2m[0;39m[36mo.h.e.t.j.p.i.JtaPlatformInitiator      [0;39m [2m:[0;39m HHH000489: No JTA platform available (set 'hibernate.transaction.jta.platform' to enable JTA platform integration)
[2m2025-07-20T15:04:58.828+02:00[0;39m [32m INFO[0;39m [35m23298[0;39m [2m---[0;39m [2m[gefrierschrank-backend] [           main][0;39m [2m[0;39m[36mj.LocalContainerEntityManagerFactoryBean[0;39m [2m:[0;39m Initialized JPA EntityManagerFactory for persistence unit 'default'
[2m2025-07-20T15:04:58.916+02:00[0;39m [32m INFO[0;39m [35m23298[0;39m [2m---[0;39m [2m[gefrierschrank-backend] [           main][0;39m [2m[0;39m[36mo.s.d.j.r.query.QueryEnhancerFactory    [0;39m [2m:[0;39m Hibernate is in classpath; If applicable, HQL parser will be used.
[2m2025-07-20T15:04:59.067+02:00[0;39m [32mDEBUG[0;39m [35m23298[0;39m [2m---[0;39m [2m[gefrierschrank-backend] [           main][0;39m [2m[0;39m[36mc.g.app.security.AuthTokenFilter        [0;39m [2m:[0;39m Filter 'authenticationJwtTokenFilter' configured for use
[2m2025-07-20T15:04:59.139+02:00[0;39m [33m WARN[0;39m [35m23298[0;39m [2m---[0;39m [2m[gefrierschrank-backend] [           main][0;39m [2m[0;39m[36mJpaBaseConfiguration$JpaWebConfiguration[0;39m [2m:[0;39m spring.jpa.open-in-view is enabled by default. Therefore, database queries may be performed during view rendering. Explicitly configure spring.jpa.open-in-view to disable this warning
[2m2025-07-20T15:04:59.247+02:00[0;39m [32m INFO[0;39m [35m23298[0;39m [2m---[0;39m [2m[gefrierschrank-backend] [           main][0;39m [2m[0;39m[36mo.s.s.web.DefaultSecurityFilterChain    [0;39m [2m:[0;39m Will secure any request with [org.springframework.security.web.session.DisableEncodeUrlFilter@1b6824c1, org.springframework.security.web.context.request.async.WebAsyncManagerIntegrationFilter@3118ed2c, org.springframework.security.web.context.SecurityContextHolderFilter@2291fb1, org.springframework.security.web.header.HeaderWriterFilter@6affbed1, org.springframework.web.filter.CorsFilter@5bc150e9, org.springframework.security.web.authentication.logout.LogoutFilter@6d543ec2, com.gefrierschrank.app.security.AuthTokenFilter@213d5189, org.springframework.security.web.savedrequest.RequestCacheAwareFilter@2aaf7354, org.springframework.security.web.servletapi.SecurityContextHolderAwareRequestFilter@1606ecbb, org.springframework.security.web.authentication.AnonymousAuthenticationFilter@28fa0ff8, org.springframework.security.web.session.SessionManagementFilter@57ce8f63, org.springframework.security.web.access.ExceptionTranslationFilter@54a2ff94, org.springframework.security.web.access.intercept.AuthorizationFilter@7e5a8000]
WARNING: A terminally deprecated method in sun.misc.Unsafe has been called
WARNING: sun.misc.Unsafe::objectFieldOffset has been called by io.netty.util.internal.PlatformDependent0$4 (file:/Users/maik.hirthe/.m2/repository/io/netty/netty-common/4.1.101.Final/netty-common-4.1.101.Final.jar)
WARNING: Please consider reporting this to the maintainers of class io.netty.util.internal.PlatformDependent0$4
WARNING: sun.misc.Unsafe::objectFieldOffset will be removed in a future release
[2m2025-07-20T15:04:59.372+02:00[0;39m [32m INFO[0;39m [35m23298[0;39m [2m---[0;39m [2m[gefrierschrank-backend] [           main][0;39m [2m[0;39m[36mo.s.b.w.embedded.tomcat.TomcatWebServer [0;39m [2m:[0;39m Tomcat started on port 8080 (http) with context path ''
[2m2025-07-20T15:04:59.376+02:00[0;39m [32m INFO[0;39m [35m23298[0;39m [2m---[0;39m [2m[gefrierschrank-backend] [           main][0;39m [2m[0;39m[36mc.g.app.GefrierschrankApplication       [0;39m [2m:[0;39m Started GefrierschrankApplication in 1.536 seconds (process running for 1.633)
[2m2025-07-20T15:04:59.409+02:00[0;39m [32m INFO[0;39m [35m23298[0;39m [2m---[0;39m [2m[gefrierschrank-backend] [           main][0;39m [2m[0;39m[36mc.g.app.config.DataInitializer          [0;39m [2m:[0;39m Database initialization completed
[2m2025-07-20T15:05:11.749+02:00[0;39m [32mDEBUG[0;39m [35m23298[0;39m [2m---[0;39m [2m[gefrierschrank-backend] [nio-8080-exec-1][0;39m [2m[0;39m[36mo.s.security.web.FilterChainProxy       [0;39m [2m:[0;39m Securing GET /h2-console
[2m2025-07-20T15:05:11.751+02:00[0;39m [32mDEBUG[0;39m [35m23298[0;39m [2m---[0;39m [2m[gefrierschrank-backend] [nio-8080-exec-1][0;39m [2m[0;39m[36mo.s.s.w.a.AnonymousAuthenticationFilter [0;39m [2m:[0;39m Set SecurityContextHolder to anonymous SecurityContext
[2m2025-07-20T15:05:11.752+02:00[0;39m [32mDEBUG[0;39m [35m23298[0;39m [2m---[0;39m [2m[gefrierschrank-backend] [nio-8080-exec-1][0;39m [2m[0;39m[36mo.s.security.web.FilterChainProxy       [0;39m [2m:[0;39m Secured GET /h2-console
[2m2025-07-20T15:05:42.735+02:00[0;39m [32mDEBUG[0;39m [35m23298[0;39m [2m---[0;39m [2m[gefrierschrank-backend] [nio-8080-exec-3][0;39m [2m[0;39m[36mo.s.security.web.FilterChainProxy       [0;39m [2m:[0;39m Securing GET /h2-console
[2m2025-07-20T15:05:42.735+02:00[0;39m [32mDEBUG[0;39m [35m23298[0;39m [2m---[0;39m [2m[gefrierschrank-backend] [nio-8080-exec-3][0;39m [2m[0;39m[36mo.s.s.w.a.AnonymousAuthenticationFilter [0;39m [2m:[0;39m Set SecurityContextHolder to anonymous SecurityContext
[2m2025-07-20T15:05:42.736+02:00[0;39m [32mDEBUG[0;39m [35m23298[0;39m [2m---[0;39m [2m[gefrierschrank-backend] [nio-8080-exec-3][0;39m [2m[0;39m[36mo.s.security.web.FilterChainProxy       [0;39m [2m:[0;39m Secured GET /h2-console
[2m2025-07-20T15:05:42.740+02:00[0;39m [32mDEBUG[0;39m [35m23298[0;39m [2m---[0;39m [2m[gefrierschrank-backend] [nio-8080-exec-4][0;39m [2m[0;39m[36mo.s.security.web.FilterChainProxy       [0;39m [2m:[0;39m Securing GET /h2-console/
[2m2025-07-20T15:05:42.741+02:00[0;39m [32mDEBUG[0;39m [35m23298[0;39m [2m---[0;39m [2m[gefrierschrank-backend] [nio-8080-exec-4][0;39m [2m[0;39m[36mo.s.s.w.a.AnonymousAuthenticationFilter [0;39m [2m:[0;39m Set SecurityContextHolder to anonymous SecurityContext
[2m2025-07-20T15:05:42.741+02:00[0;39m [32mDEBUG[0;39m [35m23298[0;39m [2m---[0;39m [2m[gefrierschrank-backend] [nio-8080-exec-4][0;39m [2m[0;39m[36mo.s.security.web.FilterChainProxy       [0;39m [2m:[0;39m Secured GET /h2-console/
[2m2025-07-20T15:05:42.766+02:00[0;39m [32mDEBUG[0;39m [35m23298[0;39m [2m---[0;39m [2m[gefrierschrank-backend] [nio-8080-exec-6][0;39m [2m[0;39m[36mo.s.security.web.FilterChainProxy       [0;39m [2m:[0;39m Securing GET /h2-console/stylesheet.css
[2m2025-07-20T15:05:42.766+02:00[0;39m [32m INFO[0;39m [35m23298[0;39m [2m---[0;39m [2m[gefrierschrank-backend] [nio-8080-exec-5][0;39m [2m[0;39m[36mo.a.c.c.C.[Tomcat].[localhost].[/]      [0;39m [2m:[0;39m Initializing Spring DispatcherServlet 'dispatcherServlet'
[2m2025-07-20T15:05:42.766+02:00[0;39m [32m INFO[0;39m [35m23298[0;39m [2m---[0;39m [2m[gefrierschrank-backend] [nio-8080-exec-5][0;39m [2m[0;39m[36mo.s.web.servlet.DispatcherServlet       [0;39m [2m:[0;39m Initializing Servlet 'dispatcherServlet'
[2m2025-07-20T15:05:42.767+02:00[0;39m [32mDEBUG[0;39m [35m23298[0;39m [2m---[0;39m [2m[gefrierschrank-backend] [nio-8080-exec-6][0;39m [2m[0;39m[36mo.s.s.w.a.AnonymousAuthenticationFilter [0;39m [2m:[0;39m Set SecurityContextHolder to anonymous SecurityContext
[2m2025-07-20T15:05:42.767+02:00[0;39m [32mDEBUG[0;39m [35m23298[0;39m [2m---[0;39m [2m[gefrierschrank-backend] [nio-8080-exec-6][0;39m [2m[0;39m[36mo.s.security.web.FilterChainProxy       [0;39m [2m:[0;39m Secured GET /h2-console/stylesheet.css
[2m2025-07-20T15:05:42.769+02:00[0;39m [32m INFO[0;39m [35m23298[0;39m [2m---[0;39m [2m[gefrierschrank-backend] [nio-8080-exec-5][0;39m [2m[0;39m[36mo.s.web.servlet.DispatcherServlet       [0;39m [2m:[0;39m Completed initialization in 1 ms
[2m2025-07-20T15:05:42.769+02:00[0;39m [32mDEBUG[0;39m [35m23298[0;39m [2m---[0;39m [2m[gefrierschrank-backend] [nio-8080-exec-5][0;39m [2m[0;39m[36mo.s.security.web.FilterChainProxy       [0;39m [2m:[0;39m Securing GET /.well-known/appspecific/com.chrome.devtools.json
[2m2025-07-20T15:05:42.769+02:00[0;39m [32mDEBUG[0;39m [35m23298[0;39m [2m---[0;39m [2m[gefrierschrank-backend] [nio-8080-exec-5][0;39m [2m[0;39m[36mo.s.s.w.a.AnonymousAuthenticationFilter [0;39m [2m:[0;39m Set SecurityContextHolder to anonymous SecurityContext
[2m2025-07-20T15:05:42.770+02:00[0;39m [33m WARN[0;39m [35m23298[0;39m [2m---[0;39m [2m[gefrierschrank-backend] [nio-8080-exec-5][0;39m [2m[0;39m[36mo.s.w.s.h.HandlerMappingIntrospector    [0;39m [2m:[0;39m Cache miss for REQUEST dispatch to '/.well-known/appspecific/com.chrome.devtools.json' (previous null). Performing MatchableHandlerMapping lookup. This is logged once only at WARN level, and every time at TRACE.
[2m2025-07-20T15:05:42.774+02:00[0;39m [32mDEBUG[0;39m [35m23298[0;39m [2m---[0;39m [2m[gefrierschrank-backend] [nio-8080-exec-5][0;39m [2m[0;39m[36mo.s.s.w.a.Http403ForbiddenEntryPoint    [0;39m [2m:[0;39m Pre-authenticated entry point called. Rejecting access
[2m2025-07-20T15:05:42.775+02:00[0;39m [32mDEBUG[0;39m [35m23298[0;39m [2m---[0;39m [2m[gefrierschrank-backend] [nio-8080-exec-5][0;39m [2m[0;39m[36mo.s.security.web.FilterChainProxy       [0;39m [2m:[0;39m Securing GET /error
[2m2025-07-20T15:05:42.778+02:00[0;39m [32mDEBUG[0;39m [35m23298[0;39m [2m---[0;39m [2m[gefrierschrank-backend] [nio-8080-exec-5][0;39m [2m[0;39m[36mo.s.s.w.a.AnonymousAuthenticationFilter [0;39m [2m:[0;39m Set SecurityContextHolder to anonymous SecurityContext
[2m2025-07-20T15:05:42.778+02:00[0;39m [32mDEBUG[0;39m [35m23298[0;39m [2m---[0;39m [2m[gefrierschrank-backend] [nio-8080-exec-5][0;39m [2m[0;39m[36mo.s.s.w.a.Http403ForbiddenEntryPoint    [0;39m [2m:[0;39m Pre-authenticated entry point called. Rejecting access
[2m2025-07-20T15:05:42.780+02:00[0;39m [32mDEBUG[0;39m [35m23298[0;39m [2m---[0;39m [2m[gefrierschrank-backend] [nio-8080-exec-7][0;39m [2m[0;39m[36mo.s.security.web.FilterChainProxy       [0;39m [2m:[0;39m Securing GET /h2-console/login.jsp?jsessionid=a970aa027f450edbfdd4acce5f52438b
[2m2025-07-20T15:05:42.780+02:00[0;39m [32mDEBUG[0;39m [35m23298[0;39m [2m---[0;39m [2m[gefrierschrank-backend] [nio-8080-exec-7][0;39m [2m[0;39m[36mo.s.s.w.a.AnonymousAuthenticationFilter [0;39m [2m:[0;39m Set SecurityContextHolder to anonymous SecurityContext
[2m2025-07-20T15:05:42.780+02:00[0;39m [32mDEBUG[0;39m [35m23298[0;39m [2m---[0;39m [2m[gefrierschrank-backend] [nio-8080-exec-7][0;39m [2m[0;39m[36mo.s.security.web.FilterChainProxy       [0;39m [2m:[0;39m Secured GET /h2-console/login.jsp?jsessionid=a970aa027f450edbfdd4acce5f52438b
[2m2025-07-20T15:05:42.787+02:00[0;39m [32mDEBUG[0;39m [35m23298[0;39m [2m---[0;39m [2m[gefrierschrank-backend] [nio-8080-exec-8][0;39m [2m[0;39m[36mo.s.security.web.FilterChainProxy       [0;39m [2m:[0;39m Securing GET /.well-known/appspecific/com.chrome.devtools.json
[2m2025-07-20T15:05:42.788+02:00[0;39m [32mDEBUG[0;39m [35m23298[0;39m [2m---[0;39m [2m[gefrierschrank-backend] [nio-8080-exec-8][0;39m [2m[0;39m[36mo.s.s.w.a.AnonymousAuthenticationFilter [0;39m [2m:[0;39m Set SecurityContextHolder to anonymous SecurityContext
[2m2025-07-20T15:05:42.789+02:00[0;39m [32mDEBUG[0;39m [35m23298[0;39m [2m---[0;39m [2m[gefrierschrank-backend] [nio-8080-exec-8][0;39m [2m[0;39m[36mo.s.s.w.a.Http403ForbiddenEntryPoint    [0;39m [2m:[0;39m Pre-authenticated entry point called. Rejecting access
[2m2025-07-20T15:05:42.789+02:00[0;39m [32mDEBUG[0;39m [35m23298[0;39m [2m---[0;39m [2m[gefrierschrank-backend] [nio-8080-exec-8][0;39m [2m[0;39m[36mo.s.security.web.FilterChainProxy       [0;39m [2m:[0;39m Securing GET /error
[2m2025-07-20T15:05:42.790+02:00[0;39m [32mDEBUG[0;39m [35m23298[0;39m [2m---[0;39m [2m[gefrierschrank-backend] [nio-8080-exec-8][0;39m [2m[0;39m[36mo.s.s.w.a.AnonymousAuthenticationFilter [0;39m [2m:[0;39m Set SecurityContextHolder to anonymous SecurityContext
[2m2025-07-20T15:05:42.790+02:00[0;39m [32mDEBUG[0;39m [35m23298[0;39m [2m---[0;39m [2m[gefrierschrank-backend] [nio-8080-exec-8][0;39m [2m[0;39m[36mo.s.s.w.a.Http403ForbiddenEntryPoint    [0;39m [2m:[0;39m Pre-authenticated entry point called. Rejecting access
[2m2025-07-20T15:05:42.800+02:00[0;39m [32mDEBUG[0;39m [35m23298[0;39m [2m---[0;39m [2m[gefrierschrank-backend] [nio-8080-exec-9][0;39m [2m[0;39m[36mo.s.security.web.FilterChainProxy       [0;39m [2m:[0;39m Securing GET /h2-console/background.gif
[2m2025-07-20T15:05:42.800+02:00[0;39m [32mDEBUG[0;39m [35m23298[0;39m [2m---[0;39m [2m[gefrierschrank-backend] [nio-8080-exec-9][0;39m [2m[0;39m[36mo.s.s.w.a.AnonymousAuthenticationFilter [0;39m [2m:[0;39m Set SecurityContextHolder to anonymous SecurityContext
[2m2025-07-20T15:05:42.800+02:00[0;39m [32mDEBUG[0;39m [35m23298[0;39m [2m---[0;39m [2m[gefrierschrank-backend] [nio-8080-exec-9][0;39m [2m[0;39m[36mo.s.security.web.FilterChainProxy       [0;39m [2m:[0;39m Secured GET /h2-console/background.gif
[2m2025-07-20T15:05:42.822+02:00[0;39m [32mDEBUG[0;39m [35m23298[0;39m [2m---[0;39m [2m[gefrierschrank-backend] [io-8080-exec-10][0;39m [2m[0;39m[36mo.s.security.web.FilterChainProxy       [0;39m [2m:[0;39m Securing GET /favicon.ico
[2m2025-07-20T15:05:42.823+02:00[0;39m [32mDEBUG[0;39m [35m23298[0;39m [2m---[0;39m [2m[gefrierschrank-backend] [io-8080-exec-10][0;39m [2m[0;39m[36mo.s.s.w.a.AnonymousAuthenticationFilter [0;39m [2m:[0;39m Set SecurityContextHolder to anonymous SecurityContext
[2m2025-07-20T15:05:42.826+02:00[0;39m [32mDEBUG[0;39m [35m23298[0;39m [2m---[0;39m [2m[gefrierschrank-backend] [io-8080-exec-10][0;39m [2m[0;39m[36mo.s.s.w.a.Http403ForbiddenEntryPoint    [0;39m [2m:[0;39m Pre-authenticated entry point called. Rejecting access
[2m2025-07-20T15:05:42.826+02:00[0;39m [32mDEBUG[0;39m [35m23298[0;39m [2m---[0;39m [2m[gefrierschrank-backend] [io-8080-exec-10][0;39m [2m[0;39m[36mo.s.security.web.FilterChainProxy       [0;39m [2m:[0;39m Securing GET /error
[2m2025-07-20T15:05:42.828+02:00[0;39m [32mDEBUG[0;39m [35m23298[0;39m [2m---[0;39m [2m[gefrierschrank-backend] [io-8080-exec-10][0;39m [2m[0;39m[36mo.s.s.w.a.AnonymousAuthenticationFilter [0;39m [2m:[0;39m Set SecurityContextHolder to anonymous SecurityContext
[2m2025-07-20T15:05:42.828+02:00[0;39m [32mDEBUG[0;39m [35m23298[0;39m [2m---[0;39m [2m[gefrierschrank-backend] [io-8080-exec-10][0;39m [2m[0;39m[36mo.s.s.w.a.Http403ForbiddenEntryPoint    [0;39m [2m:[0;39m Pre-authenticated entry point called. Rejecting access
[2m2025-07-20T15:05:45.650+02:00[0;39m [32mDEBUG[0;39m [35m23298[0;39m [2m---[0;39m [2m[gefrierschrank-backend] [nio-8080-exec-1][0;39m [2m[0;39m[36mo.s.security.web.FilterChainProxy       [0;39m [2m:[0;39m Securing POST /h2-console/login.do?jsessionid=a970aa027f450edbfdd4acce5f52438b
[2m2025-07-20T15:05:45.657+02:00[0;39m [32mDEBUG[0;39m [35m23298[0;39m [2m---[0;39m [2m[gefrierschrank-backend] [nio-8080-exec-1][0;39m [2m[0;39m[36mo.s.s.w.a.AnonymousAuthenticationFilter [0;39m [2m:[0;39m Set SecurityContextHolder to anonymous SecurityContext
[2m2025-07-20T15:05:45.658+02:00[0;39m [32mDEBUG[0;39m [35m23298[0;39m [2m---[0;39m [2m[gefrierschrank-backend] [nio-8080-exec-1][0;39m [2m[0;39m[36mo.s.security.web.FilterChainProxy       [0;39m [2m:[0;39m Secured POST /h2-console/login.do?jsessionid=a970aa027f450edbfdd4acce5f52438b
[2m2025-07-20T15:05:45.678+02:00[0;39m [32mDEBUG[0;39m [35m23298[0;39m [2m---[0;39m [2m[gefrierschrank-backend] [nio-8080-exec-2][0;39m [2m[0;39m[36mo.s.security.web.FilterChainProxy       [0;39m [2m:[0;39m Securing GET /.well-known/appspecific/com.chrome.devtools.json
[2m2025-07-20T15:05:45.678+02:00[0;39m [32mDEBUG[0;39m [35m23298[0;39m [2m---[0;39m [2m[gefrierschrank-backend] [nio-8080-exec-2][0;39m [2m[0;39m[36mo.s.s.w.a.AnonymousAuthenticationFilter [0;39m [2m:[0;39m Set SecurityContextHolder to anonymous SecurityContext
[2m2025-07-20T15:05:45.680+02:00[0;39m [32mDEBUG[0;39m [35m23298[0;39m [2m---[0;39m [2m[gefrierschrank-backend] [nio-8080-exec-2][0;39m [2m[0;39m[36mo.s.s.w.a.Http403ForbiddenEntryPoint    [0;39m [2m:[0;39m Pre-authenticated entry point called. Rejecting access
[2m2025-07-20T15:05:45.680+02:00[0;39m [32mDEBUG[0;39m [35m23298[0;39m [2m---[0;39m [2m[gefrierschrank-backend] [nio-8080-exec-2][0;39m [2m[0;39m[36mo.s.security.web.FilterChainProxy       [0;39m [2m:[0;39m Securing GET /error
[2m2025-07-20T15:05:45.681+02:00[0;39m [32mDEBUG[0;39m [35m23298[0;39m [2m---[0;39m [2m[gefrierschrank-backend] [nio-8080-exec-2][0;39m [2m[0;39m[36mo.s.s.w.a.AnonymousAuthenticationFilter [0;39m [2m:[0;39m Set SecurityContextHolder to anonymous SecurityContext
[2m2025-07-20T15:05:45.681+02:00[0;39m [32mDEBUG[0;39m [35m23298[0;39m [2m---[0;39m [2m[gefrierschrank-backend] [nio-8080-exec-2][0;39m [2m[0;39m[36mo.s.s.w.a.Http403ForbiddenEntryPoint    [0;39m [2m:[0;39m Pre-authenticated entry point called. Rejecting access
[2m2025-07-20T15:05:45.707+02:00[0;39m [32mDEBUG[0;39m [35m23298[0;39m [2m---[0;39m [2m[gefrierschrank-backend] [nio-8080-exec-3][0;39m [2m[0;39m[36mo.s.security.web.FilterChainProxy       [0;39m [2m:[0;39m Securing GET /favicon.ico
[2m2025-07-20T15:05:45.707+02:00[0;39m [32mDEBUG[0;39m [35m23298[0;39m [2m---[0;39m [2m[gefrierschrank-backend] [nio-8080-exec-3][0;39m [2m[0;39m[36mo.s.s.w.a.AnonymousAuthenticationFilter [0;39m [2m:[0;39m Set SecurityContextHolder to anonymous SecurityContext
[2m2025-07-20T15:05:45.709+02:00[0;39m [32mDEBUG[0;39m [35m23298[0;39m [2m---[0;39m [2m[gefrierschrank-backend] [nio-8080-exec-3][0;39m [2m[0;39m[36mo.s.s.w.a.Http403ForbiddenEntryPoint    [0;39m [2m:[0;39m Pre-authenticated entry point called. Rejecting access
[2m2025-07-20T15:05:45.709+02:00[0;39m [32mDEBUG[0;39m [35m23298[0;39m [2m---[0;39m [2m[gefrierschrank-backend] [nio-8080-exec-3][0;39m [2m[0;39m[36mo.s.security.web.FilterChainProxy       [0;39m [2m:[0;39m Securing GET /error
[2m2025-07-20T15:05:45.710+02:00[0;39m [32mDEBUG[0;39m [35m23298[0;39m [2m---[0;39m [2m[gefrierschrank-backend] [nio-8080-exec-3][0;39m [2m[0;39m[36mo.s.s.w.a.AnonymousAuthenticationFilter [0;39m [2m:[0;39m Set SecurityContextHolder to anonymous SecurityContext
[2m2025-07-20T15:05:45.711+02:00[0;39m [32mDEBUG[0;39m [35m23298[0;39m [2m---[0;39m [2m[gefrierschrank-backend] [nio-8080-exec-3][0;39m [2m[0;39m[36mo.s.s.w.a.Http403ForbiddenEntryPoint    [0;39m [2m:[0;39m Pre-authenticated entry point called. Rejecting access
[2m2025-07-20T15:06:07.536+02:00[0;39m [32mDEBUG[0;39m [35m23298[0;39m [2m---[0;39m [2m[gefrierschrank-backend] [nio-8080-exec-4][0;39m [2m[0;39m[36mo.s.security.web.FilterChainProxy       [0;39m [2m:[0;39m Securing POST /h2-console/login.do?jsessionid=a970aa027f450edbfdd4acce5f52438b
[2m2025-07-20T15:06:07.537+02:00[0;39m [32mDEBUG[0;39m [35m23298[0;39m [2m---[0;39m [2m[gefrierschrank-backend] [nio-8080-exec-4][0;39m [2m[0;39m[36mo.s.s.w.a.AnonymousAuthenticationFilter [0;39m [2m:[0;39m Set SecurityContextHolder to anonymous SecurityContext
[2m2025-07-20T15:06:07.538+02:00[0;39m [32mDEBUG[0;39m [35m23298[0;39m [2m---[0;39m [2m[gefrierschrank-backend] [nio-8080-exec-4][0;39m [2m[0;39m[36mo.s.security.web.FilterChainProxy       [0;39m [2m:[0;39m Secured POST /h2-console/login.do?jsessionid=a970aa027f450edbfdd4acce5f52438b
[2m2025-07-20T15:06:07.558+02:00[0;39m [32mDEBUG[0;39m [35m23298[0;39m [2m---[0;39m [2m[gefrierschrank-backend] [nio-8080-exec-5][0;39m [2m[0;39m[36mo.s.security.web.FilterChainProxy       [0;39m [2m:[0;39m Securing GET /h2-console/stylesheet.css
[2m2025-07-20T15:06:07.558+02:00[0;39m [32mDEBUG[0;39m [35m23298[0;39m [2m---[0;39m [2m[gefrierschrank-backend] [nio-8080-exec-6][0;39m [2m[0;39m[36mo.s.security.web.FilterChainProxy       [0;39m [2m:[0;39m Securing GET /.well-known/appspecific/com.chrome.devtools.json
[2m2025-07-20T15:06:07.558+02:00[0;39m [32mDEBUG[0;39m [35m23298[0;39m [2m---[0;39m [2m[gefrierschrank-backend] [nio-8080-exec-6][0;39m [2m[0;39m[36mo.s.s.w.a.AnonymousAuthenticationFilter [0;39m [2m:[0;39m Set SecurityContextHolder to anonymous SecurityContext
[2m2025-07-20T15:06:07.558+02:00[0;39m [32mDEBUG[0;39m [35m23298[0;39m [2m---[0;39m [2m[gefrierschrank-backend] [nio-8080-exec-5][0;39m [2m[0;39m[36mo.s.s.w.a.AnonymousAuthenticationFilter [0;39m [2m:[0;39m Set SecurityContextHolder to anonymous SecurityContext
[2m2025-07-20T15:06:07.558+02:00[0;39m [32mDEBUG[0;39m [35m23298[0;39m [2m---[0;39m [2m[gefrierschrank-backend] [nio-8080-exec-5][0;39m [2m[0;39m[36mo.s.security.web.FilterChainProxy       [0;39m [2m:[0;39m Secured GET /h2-console/stylesheet.css
[2m2025-07-20T15:06:07.560+02:00[0;39m [32mDEBUG[0;39m [35m23298[0;39m [2m---[0;39m [2m[gefrierschrank-backend] [nio-8080-exec-6][0;39m [2m[0;39m[36mo.s.s.w.a.Http403ForbiddenEntryPoint    [0;39m [2m:[0;39m Pre-authenticated entry point called. Rejecting access
[2m2025-07-20T15:06:07.561+02:00[0;39m [32mDEBUG[0;39m [35m23298[0;39m [2m---[0;39m [2m[gefrierschrank-backend] [nio-8080-exec-6][0;39m [2m[0;39m[36mo.s.security.web.FilterChainProxy       [0;39m [2m:[0;39m Securing GET /error
[2m2025-07-20T15:06:07.562+02:00[0;39m [32mDEBUG[0;39m [35m23298[0;39m [2m---[0;39m [2m[gefrierschrank-backend] [nio-8080-exec-6][0;39m [2m[0;39m[36mo.s.s.w.a.AnonymousAuthenticationFilter [0;39m [2m:[0;39m Set SecurityContextHolder to anonymous SecurityContext
[2m2025-07-20T15:06:07.562+02:00[0;39m [32mDEBUG[0;39m [35m23298[0;39m [2m---[0;39m [2m[gefrierschrank-backend] [nio-8080-exec-6][0;39m [2m[0;39m[36mo.s.s.w.a.Http403ForbiddenEntryPoint    [0;39m [2m:[0;39m Pre-authenticated entry point called. Rejecting access
[2m2025-07-20T15:06:07.573+02:00[0;39m [32mDEBUG[0;39m [35m23298[0;39m [2m---[0;39m [2m[gefrierschrank-backend] [nio-8080-exec-7][0;39m [2m[0;39m[36mo.s.security.web.FilterChainProxy       [0;39m [2m:[0;39m Securing GET /h2-console/header.jsp?jsessionid=a970aa027f450edbfdd4acce5f52438b
[2m2025-07-20T15:06:07.574+02:00[0;39m [32mDEBUG[0;39m [35m23298[0;39m [2m---[0;39m [2m[gefrierschrank-backend] [nio-8080-exec-7][0;39m [2m[0;39m[36mo.s.s.w.a.AnonymousAuthenticationFilter [0;39m [2m:[0;39m Set SecurityContextHolder to anonymous SecurityContext
[2m2025-07-20T15:06:07.574+02:00[0;39m [32mDEBUG[0;39m [35m23298[0;39m [2m---[0;39m [2m[gefrierschrank-backend] [nio-8080-exec-7][0;39m [2m[0;39m[36mo.s.security.web.FilterChainProxy       [0;39m [2m:[0;39m Secured GET /h2-console/header.jsp?jsessionid=a970aa027f450edbfdd4acce5f52438b
[2m2025-07-20T15:06:07.575+02:00[0;39m [32mDEBUG[0;39m [35m23298[0;39m [2m---[0;39m [2m[gefrierschrank-backend] [nio-8080-exec-8][0;39m [2m[0;39m[36mo.s.security.web.FilterChainProxy       [0;39m [2m:[0;39m Securing GET /h2-console/tables.do?jsessionid=a970aa027f450edbfdd4acce5f52438b
[2m2025-07-20T15:06:07.576+02:00[0;39m [32mDEBUG[0;39m [35m23298[0;39m [2m---[0;39m [2m[gefrierschrank-backend] [nio-8080-exec-8][0;39m [2m[0;39m[36mo.s.s.w.a.AnonymousAuthenticationFilter [0;39m [2m:[0;39m Set SecurityContextHolder to anonymous SecurityContext
[2m2025-07-20T15:06:07.576+02:00[0;39m [32mDEBUG[0;39m [35m23298[0;39m [2m---[0;39m [2m[gefrierschrank-backend] [nio-8080-exec-8][0;39m [2m[0;39m[36mo.s.security.web.FilterChainProxy       [0;39m [2m:[0;39m Secured GET /h2-console/tables.do?jsessionid=a970aa027f450edbfdd4acce5f52438b
[2m2025-07-20T15:06:07.577+02:00[0;39m [32mDEBUG[0;39m [35m23298[0;39m [2m---[0;39m [2m[gefrierschrank-backend] [nio-8080-exec-9][0;39m [2m[0;39m[36mo.s.security.web.FilterChainProxy       [0;39m [2m:[0;39m Securing GET /h2-console/query.jsp?jsessionid=a970aa027f450edbfdd4acce5f52438b
[2m2025-07-20T15:06:07.578+02:00[0;39m [32mDEBUG[0;39m [35m23298[0;39m [2m---[0;39m [2m[gefrierschrank-backend] [nio-8080-exec-9][0;39m [2m[0;39m[36mo.s.s.w.a.AnonymousAuthenticationFilter [0;39m [2m:[0;39m Set SecurityContextHolder to anonymous SecurityContext
[2m2025-07-20T15:06:07.578+02:00[0;39m [32mDEBUG[0;39m [35m23298[0;39m [2m---[0;39m [2m[gefrierschrank-backend] [nio-8080-exec-7][0;39m [2m[0;39m[36mo.s.security.web.FilterChainProxy       [0;39m [2m:[0;39m Securing GET /h2-console/help.jsp?jsessionid=a970aa027f450edbfdd4acce5f52438b
[2m2025-07-20T15:06:07.578+02:00[0;39m [32mDEBUG[0;39m [35m23298[0;39m [2m---[0;39m [2m[gefrierschrank-backend] [nio-8080-exec-9][0;39m [2m[0;39m[36mo.s.security.web.FilterChainProxy       [0;39m [2m:[0;39m Secured GET /h2-console/query.jsp?jsessionid=a970aa027f450edbfdd4acce5f52438b
[2m2025-07-20T15:06:07.578+02:00[0;39m [32mDEBUG[0;39m [35m23298[0;39m [2m---[0;39m [2m[gefrierschrank-backend] [nio-8080-exec-7][0;39m [2m[0;39m[36mo.s.s.w.a.AnonymousAuthenticationFilter [0;39m [2m:[0;39m Set SecurityContextHolder to anonymous SecurityContext
[2m2025-07-20T15:06:07.578+02:00[0;39m [32mDEBUG[0;39m [35m23298[0;39m [2m---[0;39m [2m[gefrierschrank-backend] [nio-8080-exec-7][0;39m [2m[0;39m[36mo.s.security.web.FilterChainProxy       [0;39m [2m:[0;39m Secured GET /h2-console/help.jsp?jsessionid=a970aa027f450edbfdd4acce5f52438b
[2m2025-07-20T15:06:07.587+02:00[0;39m [32mDEBUG[0;39m [35m23298[0;39m [2m---[0;39m [2m[gefrierschrank-backend] [nio-8080-exec-1][0;39m [2m[0;39m[36mo.s.security.web.FilterChainProxy       [0;39m [2m:[0;39m Securing GET /h2-console/icon_line.gif
[2m2025-07-20T15:06:07.587+02:00[0;39m [32mDEBUG[0;39m [35m23298[0;39m [2m---[0;39m [2m[gefrierschrank-backend] [nio-8080-exec-2][0;39m [2m[0;39m[36mo.s.security.web.FilterChainProxy       [0;39m [2m:[0;39m Securing GET /h2-console/icon_disconnect.gif
[2m2025-07-20T15:06:07.588+02:00[0;39m [32mDEBUG[0;39m [35m23298[0;39m [2m---[0;39m [2m[gefrierschrank-backend] [nio-8080-exec-1][0;39m [2m[0;39m[36mo.s.s.w.a.AnonymousAuthenticationFilter [0;39m [2m:[0;39m Set SecurityContextHolder to anonymous SecurityContext
[2m2025-07-20T15:06:07.588+02:00[0;39m [32mDEBUG[0;39m [35m23298[0;39m [2m---[0;39m [2m[gefrierschrank-backend] [nio-8080-exec-1][0;39m [2m[0;39m[36mo.s.security.web.FilterChainProxy       [0;39m [2m:[0;39m Secured GET /h2-console/icon_line.gif
[2m2025-07-20T15:06:07.588+02:00[0;39m [32mDEBUG[0;39m [35m23298[0;39m [2m---[0;39m [2m[gefrierschrank-backend] [nio-8080-exec-2][0;39m [2m[0;39m[36mo.s.s.w.a.AnonymousAuthenticationFilter [0;39m [2m:[0;39m Set SecurityContextHolder to anonymous SecurityContext
[2m2025-07-20T15:06:07.588+02:00[0;39m [32mDEBUG[0;39m [35m23298[0;39m [2m---[0;39m [2m[gefrierschrank-backend] [nio-8080-exec-2][0;39m [2m[0;39m[36mo.s.security.web.FilterChainProxy       [0;39m [2m:[0;39m Secured GET /h2-console/icon_disconnect.gif
[2m2025-07-20T15:06:07.595+02:00[0;39m [32mDEBUG[0;39m [35m23298[0;39m [2m---[0;39m [2m[gefrierschrank-backend] [nio-8080-exec-4][0;39m [2m[0;39m[36mo.s.security.web.FilterChainProxy       [0;39m [2m:[0;39m Securing GET /h2-console/icon_refresh.gif
[2m2025-07-20T15:06:07.595+02:00[0;39m [32mDEBUG[0;39m [35m23298[0;39m [2m---[0;39m [2m[gefrierschrank-backend] [nio-8080-exec-3][0;39m [2m[0;39m[36mo.s.security.web.FilterChainProxy       [0;39m [2m:[0;39m Securing GET /h2-console/icon_history.gif
[2m2025-07-20T15:06:07.595+02:00[0;39m [32mDEBUG[0;39m [35m23298[0;39m [2m---[0;39m [2m[gefrierschrank-backend] [nio-8080-exec-4][0;39m [2m[0;39m[36mo.s.s.w.a.AnonymousAuthenticationFilter [0;39m [2m:[0;39m Set SecurityContextHolder to anonymous SecurityContext
[2m2025-07-20T15:06:07.595+02:00[0;39m [32mDEBUG[0;39m [35m23298[0;39m [2m---[0;39m [2m[gefrierschrank-backend] [nio-8080-exec-5][0;39m [2m[0;39m[36mo.s.security.web.FilterChainProxy       [0;39m [2m:[0;39m Securing GET /h2-console/icon_help.gif
[2m2025-07-20T15:06:07.595+02:00[0;39m [32mDEBUG[0;39m [35m23298[0;39m [2m---[0;39m [2m[gefrierschrank-backend] [nio-8080-exec-4][0;39m [2m[0;39m[36mo.s.security.web.FilterChainProxy       [0;39m [2m:[0;39m Secured GET /h2-console/icon_refresh.gif
[2m2025-07-20T15:06:07.595+02:00[0;39m [32mDEBUG[0;39m [35m23298[0;39m [2m---[0;39m [2m[gefrierschrank-backend] [nio-8080-exec-5][0;39m [2m[0;39m[36mo.s.s.w.a.AnonymousAuthenticationFilter [0;39m [2m:[0;39m Set SecurityContextHolder to anonymous SecurityContext
[2m2025-07-20T15:06:07.595+02:00[0;39m [32mDEBUG[0;39m [35m23298[0;39m [2m---[0;39m [2m[gefrierschrank-backend] [nio-8080-exec-5][0;39m [2m[0;39m[36mo.s.security.web.FilterChainProxy       [0;39m [2m:[0;39m Secured GET /h2-console/icon_help.gif
[2m2025-07-20T15:06:07.595+02:00[0;39m [32mDEBUG[0;39m [35m23298[0;39m [2m---[0;39m [2m[gefrierschrank-backend] [nio-8080-exec-3][0;39m [2m[0;39m[36mo.s.s.w.a.AnonymousAuthenticationFilter [0;39m [2m:[0;39m Set SecurityContextHolder to anonymous SecurityContext
[2m2025-07-20T15:06:07.596+02:00[0;39m [32mDEBUG[0;39m [35m23298[0;39m [2m---[0;39m [2m[gefrierschrank-backend] [nio-8080-exec-3][0;39m [2m[0;39m[36mo.s.security.web.FilterChainProxy       [0;39m [2m:[0;39m Secured GET /h2-console/icon_history.gif
[2m2025-07-20T15:06:07.597+02:00[0;39m [32mDEBUG[0;39m [35m23298[0;39m [2m---[0;39m [2m[gefrierschrank-backend] [nio-8080-exec-6][0;39m [2m[0;39m[36mo.s.security.web.FilterChainProxy       [0;39m [2m:[0;39m Securing GET /h2-console/icon_rollback.gif
[2m2025-07-20T15:06:07.597+02:00[0;39m [32mDEBUG[0;39m [35m23298[0;39m [2m---[0;39m [2m[gefrierschrank-backend] [nio-8080-exec-6][0;39m [2m[0;39m[36mo.s.s.w.a.AnonymousAuthenticationFilter [0;39m [2m:[0;39m Set SecurityContextHolder to anonymous SecurityContext
[2m2025-07-20T15:06:07.597+02:00[0;39m [32mDEBUG[0;39m [35m23298[0;39m [2m---[0;39m [2m[gefrierschrank-backend] [nio-8080-exec-6][0;39m [2m[0;39m[36mo.s.security.web.FilterChainProxy       [0;39m [2m:[0;39m Secured GET /h2-console/icon_rollback.gif
[2m2025-07-20T15:06:07.609+02:00[0;39m [32mDEBUG[0;39m [35m23298[0;39m [2m---[0;39m [2m[gefrierschrank-backend] [nio-8080-exec-7][0;39m [2m[0;39m[36mo.s.security.web.FilterChainProxy       [0;39m [2m:[0;39m Securing GET /h2-console/icon_run.gif
[2m2025-07-20T15:06:07.609+02:00[0;39m [32mDEBUG[0;39m [35m23298[0;39m [2m---[0;39m [2m[gefrierschrank-backend] [nio-8080-exec-9][0;39m [2m[0;39m[36mo.s.security.web.FilterChainProxy       [0;39m [2m:[0;39m Securing GET /h2-console/icon_run_selected.gif
[2m2025-07-20T15:06:07.610+02:00[0;39m [32mDEBUG[0;39m [35m23298[0;39m [2m---[0;39m [2m[gefrierschrank-backend] [io-8080-exec-10][0;39m [2m[0;39m[36mo.s.security.web.FilterChainProxy       [0;39m [2m:[0;39m Securing GET /h2-console/icon_commit.gif
[2m2025-07-20T15:06:07.610+02:00[0;39m [32mDEBUG[0;39m [35m23298[0;39m [2m---[0;39m [2m[gefrierschrank-backend] [nio-8080-exec-7][0;39m [2m[0;39m[36mo.s.s.w.a.AnonymousAuthenticationFilter [0;39m [2m:[0;39m Set SecurityContextHolder to anonymous SecurityContext
[2m2025-07-20T15:06:07.610+02:00[0;39m [32mDEBUG[0;39m [35m23298[0;39m [2m---[0;39m [2m[gefrierschrank-backend] [nio-8080-exec-9][0;39m [2m[0;39m[36mo.s.s.w.a.AnonymousAuthenticationFilter [0;39m [2m:[0;39m Set SecurityContextHolder to anonymous SecurityContext
[2m2025-07-20T15:06:07.610+02:00[0;39m [32mDEBUG[0;39m [35m23298[0;39m [2m---[0;39m [2m[gefrierschrank-backend] [nio-8080-exec-2][0;39m [2m[0;39m[36mo.s.security.web.FilterChainProxy       [0;39m [2m:[0;39m Securing GET /h2-console/icon_stop.gif
[2m2025-07-20T15:06:07.610+02:00[0;39m [32mDEBUG[0;39m [35m23298[0;39m [2m---[0;39m [2m[gefrierschrank-backend] [nio-8080-exec-7][0;39m [2m[0;39m[36mo.s.security.web.FilterChainProxy       [0;39m [2m:[0;39m Secured GET /h2-console/icon_run.gif
[2m2025-07-20T15:06:07.610+02:00[0;39m [32mDEBUG[0;39m [35m23298[0;39m [2m---[0;39m [2m[gefrierschrank-backend] [io-8080-exec-10][0;39m [2m[0;39m[36mo.s.s.w.a.AnonymousAuthenticationFilter [0;39m [2m:[0;39m Set SecurityContextHolder to anonymous SecurityContext
[2m2025-07-20T15:06:07.610+02:00[0;39m [32mDEBUG[0;39m [35m23298[0;39m [2m---[0;39m [2m[gefrierschrank-backend] [nio-8080-exec-9][0;39m [2m[0;39m[36mo.s.security.web.FilterChainProxy       [0;39m [2m:[0;39m Secured GET /h2-console/icon_run_selected.gif
[2m2025-07-20T15:06:07.610+02:00[0;39m [32mDEBUG[0;39m [35m23298[0;39m [2m---[0;39m [2m[gefrierschrank-backend] [nio-8080-exec-2][0;39m [2m[0;39m[36mo.s.s.w.a.AnonymousAuthenticationFilter [0;39m [2m:[0;39m Set SecurityContextHolder to anonymous SecurityContext
[2m2025-07-20T15:06:07.610+02:00[0;39m [32mDEBUG[0;39m [35m23298[0;39m [2m---[0;39m [2m[gefrierschrank-backend] [io-8080-exec-10][0;39m [2m[0;39m[36mo.s.security.web.FilterChainProxy       [0;39m [2m:[0;39m Secured GET /h2-console/icon_commit.gif
[2m2025-07-20T15:06:07.610+02:00[0;39m [32mDEBUG[0;39m [35m23298[0;39m [2m---[0;39m [2m[gefrierschrank-backend] [nio-8080-exec-2][0;39m [2m[0;39m[36mo.s.security.web.FilterChainProxy       [0;39m [2m:[0;39m Secured GET /h2-console/icon_stop.gif
[2m2025-07-20T15:06:07.634+02:00[0;39m [32mDEBUG[0;39m [35m23298[0;39m [2m---[0;39m [2m[gefrierschrank-backend] [nio-8080-exec-1][0;39m [2m[0;39m[36mo.s.security.web.FilterChainProxy       [0;39m [2m:[0;39m Securing GET /h2-console/tree.js
[2m2025-07-20T15:06:07.635+02:00[0;39m [32mDEBUG[0;39m [35m23298[0;39m [2m---[0;39m [2m[gefrierschrank-backend] [nio-8080-exec-1][0;39m [2m[0;39m[36mo.s.s.w.a.AnonymousAuthenticationFilter [0;39m [2m:[0;39m Set SecurityContextHolder to anonymous SecurityContext
[2m2025-07-20T15:06:07.635+02:00[0;39m [32mDEBUG[0;39m [35m23298[0;39m [2m---[0;39m [2m[gefrierschrank-backend] [nio-8080-exec-1][0;39m [2m[0;39m[36mo.s.security.web.FilterChainProxy       [0;39m [2m:[0;39m Secured GET /h2-console/tree.js
[2m2025-07-20T15:06:07.655+02:00[0;39m [32mDEBUG[0;39m [35m23298[0;39m [2m---[0;39m [2m[gefrierschrank-backend] [nio-8080-exec-4][0;39m [2m[0;39m[36mo.s.security.web.FilterChainProxy       [0;39m [2m:[0;39m Securing GET /h2-console/tree_minus.gif
[2m2025-07-20T15:06:07.655+02:00[0;39m [32mDEBUG[0;39m [35m23298[0;39m [2m---[0;39m [2m[gefrierschrank-backend] [nio-8080-exec-5][0;39m [2m[0;39m[36mo.s.security.web.FilterChainProxy       [0;39m [2m:[0;39m Securing GET /h2-console/tree_plus.gif
[2m2025-07-20T15:06:07.655+02:00[0;39m [32mDEBUG[0;39m [35m23298[0;39m [2m---[0;39m [2m[gefrierschrank-backend] [nio-8080-exec-3][0;39m [2m[0;39m[36mo.s.security.web.FilterChainProxy       [0;39m [2m:[0;39m Securing GET /h2-console/tree_database.gif
[2m2025-07-20T15:06:07.655+02:00[0;39m [32mDEBUG[0;39m [35m23298[0;39m [2m---[0;39m [2m[gefrierschrank-backend] [nio-8080-exec-5][0;39m [2m[0;39m[36mo.s.s.w.a.AnonymousAuthenticationFilter [0;39m [2m:[0;39m Set SecurityContextHolder to anonymous SecurityContext
[2m2025-07-20T15:06:07.655+02:00[0;39m [32mDEBUG[0;39m [35m23298[0;39m [2m---[0;39m [2m[gefrierschrank-backend] [nio-8080-exec-4][0;39m [2m[0;39m[36mo.s.s.w.a.AnonymousAuthenticationFilter [0;39m [2m:[0;39m Set SecurityContextHolder to anonymous SecurityContext
[2m2025-07-20T15:06:07.655+02:00[0;39m [32mDEBUG[0;39m [35m23298[0;39m [2m---[0;39m [2m[gefrierschrank-backend] [nio-8080-exec-3][0;39m [2m[0;39m[36mo.s.s.w.a.AnonymousAuthenticationFilter [0;39m [2m:[0;39m Set SecurityContextHolder to anonymous SecurityContext
[2m2025-07-20T15:06:07.655+02:00[0;39m [32mDEBUG[0;39m [35m23298[0;39m [2m---[0;39m [2m[gefrierschrank-backend] [nio-8080-exec-4][0;39m [2m[0;39m[36mo.s.security.web.FilterChainProxy       [0;39m [2m:[0;39m Secured GET /h2-console/tree_minus.gif
[2m2025-07-20T15:06:07.655+02:00[0;39m [32mDEBUG[0;39m [35m23298[0;39m [2m---[0;39m [2m[gefrierschrank-backend] [nio-8080-exec-3][0;39m [2m[0;39m[36mo.s.security.web.FilterChainProxy       [0;39m [2m:[0;39m Secured GET /h2-console/tree_database.gif
[2m2025-07-20T15:06:07.655+02:00[0;39m [32mDEBUG[0;39m [35m23298[0;39m [2m---[0;39m [2m[gefrierschrank-backend] [nio-8080-exec-5][0;39m [2m[0;39m[36mo.s.security.web.FilterChainProxy       [0;39m [2m:[0;39m Secured GET /h2-console/tree_plus.gif
[2m2025-07-20T15:06:07.656+02:00[0;39m [32mDEBUG[0;39m [35m23298[0;39m [2m---[0;39m [2m[gefrierschrank-backend] [io-8080-exec-10][0;39m [2m[0;39m[36mo.s.security.web.FilterChainProxy       [0;39m [2m:[0;39m Securing GET /h2-console/tree_empty.gif
[2m2025-07-20T15:06:07.656+02:00[0;39m [32mDEBUG[0;39m [35m23298[0;39m [2m---[0;39m [2m[gefrierschrank-backend] [nio-8080-exec-6][0;39m [2m[0;39m[36mo.s.security.web.FilterChainProxy       [0;39m [2m:[0;39m Securing GET /h2-console/tree_table.gif
[2m2025-07-20T15:06:07.657+02:00[0;39m [32mDEBUG[0;39m [35m23298[0;39m [2m---[0;39m [2m[gefrierschrank-backend] [nio-8080-exec-6][0;39m [2m[0;39m[36mo.s.s.w.a.AnonymousAuthenticationFilter [0;39m [2m:[0;39m Set SecurityContextHolder to anonymous SecurityContext
[2m2025-07-20T15:06:07.657+02:00[0;39m [32mDEBUG[0;39m [35m23298[0;39m [2m---[0;39m [2m[gefrierschrank-backend] [io-8080-exec-10][0;39m [2m[0;39m[36mo.s.s.w.a.AnonymousAuthenticationFilter [0;39m [2m:[0;39m Set SecurityContextHolder to anonymous SecurityContext
[2m2025-07-20T15:06:07.657+02:00[0;39m [32mDEBUG[0;39m [35m23298[0;39m [2m---[0;39m [2m[gefrierschrank-backend] [nio-8080-exec-9][0;39m [2m[0;39m[36mo.s.security.web.FilterChainProxy       [0;39m [2m:[0;39m Securing GET /h2-console/tree_column.gif
[2m2025-07-20T15:06:07.657+02:00[0;39m [32mDEBUG[0;39m [35m23298[0;39m [2m---[0;39m [2m[gefrierschrank-backend] [io-8080-exec-10][0;39m [2m[0;39m[36mo.s.security.web.FilterChainProxy       [0;39m [2m:[0;39m Secured GET /h2-console/tree_empty.gif
[2m2025-07-20T15:06:07.657+02:00[0;39m [32mDEBUG[0;39m [35m23298[0;39m [2m---[0;39m [2m[gefrierschrank-backend] [nio-8080-exec-9][0;39m [2m[0;39m[36mo.s.s.w.a.AnonymousAuthenticationFilter [0;39m [2m:[0;39m Set SecurityContextHolder to anonymous SecurityContext
[2m2025-07-20T15:06:07.658+02:00[0;39m [32mDEBUG[0;39m [35m23298[0;39m [2m---[0;39m [2m[gefrierschrank-backend] [nio-8080-exec-9][0;39m [2m[0;39m[36mo.s.security.web.FilterChainProxy       [0;39m [2m:[0;39m Secured GET /h2-console/tree_column.gif
[2m2025-07-20T15:06:07.657+02:00[0;39m [32mDEBUG[0;39m [35m23298[0;39m [2m---[0;39m [2m[gefrierschrank-backend] [nio-8080-exec-6][0;39m [2m[0;39m[36mo.s.security.web.FilterChainProxy       [0;39m [2m:[0;39m Secured GET /h2-console/tree_table.gif
[2m2025-07-20T15:06:07.660+02:00[0;39m [32mDEBUG[0;39m [35m23298[0;39m [2m---[0;39m [2m[gefrierschrank-backend] [nio-8080-exec-8][0;39m [2m[0;39m[36mo.s.security.web.FilterChainProxy       [0;39m [2m:[0;39m Securing GET /h2-console/tree_users.gif
[2m2025-07-20T15:06:07.660+02:00[0;39m [32mDEBUG[0;39m [35m23298[0;39m [2m---[0;39m [2m[gefrierschrank-backend] [nio-8080-exec-8][0;39m [2m[0;39m[36mo.s.s.w.a.AnonymousAuthenticationFilter [0;39m [2m:[0;39m Set SecurityContextHolder to anonymous SecurityContext
[2m2025-07-20T15:06:07.660+02:00[0;39m [32mDEBUG[0;39m [35m23298[0;39m [2m---[0;39m [2m[gefrierschrank-backend] [nio-8080-exec-7][0;39m [2m[0;39m[36mo.s.security.web.FilterChainProxy       [0;39m [2m:[0;39m Securing GET /h2-console/tree_info.gif
[2m2025-07-20T15:06:07.660+02:00[0;39m [32mDEBUG[0;39m [35m23298[0;39m [2m---[0;39m [2m[gefrierschrank-backend] [nio-8080-exec-8][0;39m [2m[0;39m[36mo.s.security.web.FilterChainProxy       [0;39m [2m:[0;39m Secured GET /h2-console/tree_users.gif
[2m2025-07-20T15:06:07.660+02:00[0;39m [32mDEBUG[0;39m [35m23298[0;39m [2m---[0;39m [2m[gefrierschrank-backend] [nio-8080-exec-2][0;39m [2m[0;39m[36mo.s.security.web.FilterChainProxy       [0;39m [2m:[0;39m Securing GET /h2-console/tree_folder.gif
[2m2025-07-20T15:06:07.660+02:00[0;39m [32mDEBUG[0;39m [35m23298[0;39m [2m---[0;39m [2m[gefrierschrank-backend] [nio-8080-exec-7][0;39m [2m[0;39m[36mo.s.s.w.a.AnonymousAuthenticationFilter [0;39m [2m:[0;39m Set SecurityContextHolder to anonymous SecurityContext
[2m2025-07-20T15:06:07.660+02:00[0;39m [32mDEBUG[0;39m [35m23298[0;39m [2m---[0;39m [2m[gefrierschrank-backend] [nio-8080-exec-1][0;39m [2m[0;39m[36mo.s.security.web.FilterChainProxy       [0;39m [2m:[0;39m Securing GET /h2-console/tree_type.gif
[2m2025-07-20T15:06:07.660+02:00[0;39m [32mDEBUG[0;39m [35m23298[0;39m [2m---[0;39m [2m[gefrierschrank-backend] [nio-8080-exec-1][0;39m [2m[0;39m[36mo.s.s.w.a.AnonymousAuthenticationFilter [0;39m [2m:[0;39m Set SecurityContextHolder to anonymous SecurityContext
[2m2025-07-20T15:06:07.660+02:00[0;39m [32mDEBUG[0;39m [35m23298[0;39m [2m---[0;39m [2m[gefrierschrank-backend] [nio-8080-exec-2][0;39m [2m[0;39m[36mo.s.s.w.a.AnonymousAuthenticationFilter [0;39m [2m:[0;39m Set SecurityContextHolder to anonymous SecurityContext
[2m2025-07-20T15:06:07.660+02:00[0;39m [32mDEBUG[0;39m [35m23298[0;39m [2m---[0;39m [2m[gefrierschrank-backend] [nio-8080-exec-1][0;39m [2m[0;39m[36mo.s.security.web.FilterChainProxy       [0;39m [2m:[0;39m Secured GET /h2-console/tree_type.gif
[2m2025-07-20T15:06:07.660+02:00[0;39m [32mDEBUG[0;39m [35m23298[0;39m [2m---[0;39m [2m[gefrierschrank-backend] [nio-8080-exec-2][0;39m [2m[0;39m[36mo.s.security.web.FilterChainProxy       [0;39m [2m:[0;39m Secured GET /h2-console/tree_folder.gif
[2m2025-07-20T15:06:07.660+02:00[0;39m [32mDEBUG[0;39m [35m23298[0;39m [2m---[0;39m [2m[gefrierschrank-backend] [nio-8080-exec-7][0;39m [2m[0;39m[36mo.s.security.web.FilterChainProxy       [0;39m [2m:[0;39m Secured GET /h2-console/tree_info.gif
[2m2025-07-20T15:06:07.660+02:00[0;39m [32mDEBUG[0;39m [35m23298[0;39m [2m---[0;39m [2m[gefrierschrank-backend] [nio-8080-exec-4][0;39m [2m[0;39m[36mo.s.security.web.FilterChainProxy       [0;39m [2m:[0;39m Securing GET /h2-console/tree_index_az.gif
[2m2025-07-20T15:06:07.660+02:00[0;39m [32mDEBUG[0;39m [35m23298[0;39m [2m---[0;39m [2m[gefrierschrank-backend] [nio-8080-exec-4][0;39m [2m[0;39m[36mo.s.s.w.a.AnonymousAuthenticationFilter [0;39m [2m:[0;39m Set SecurityContextHolder to anonymous SecurityContext
[2m2025-07-20T15:06:07.661+02:00[0;39m [32mDEBUG[0;39m [35m23298[0;39m [2m---[0;39m [2m[gefrierschrank-backend] [nio-8080-exec-4][0;39m [2m[0;39m[36mo.s.security.web.FilterChainProxy       [0;39m [2m:[0;39m Secured GET /h2-console/tree_index_az.gif
[2m2025-07-20T15:06:07.662+02:00[0;39m [32mDEBUG[0;39m [35m23298[0;39m [2m---[0;39m [2m[gefrierschrank-backend] [nio-8080-exec-3][0;39m [2m[0;39m[36mo.s.security.web.FilterChainProxy       [0;39m [2m:[0;39m Securing GET /h2-console/tree_user.gif
[2m2025-07-20T15:06:07.662+02:00[0;39m [32mDEBUG[0;39m [35m23298[0;39m [2m---[0;39m [2m[gefrierschrank-backend] [nio-8080-exec-9][0;39m [2m[0;39m[36mo.s.security.web.FilterChainProxy       [0;39m [2m:[0;39m Securing GET /h2-console/tree_view.gif
[2m2025-07-20T15:06:07.662+02:00[0;39m [32mDEBUG[0;39m [35m23298[0;39m [2m---[0;39m [2m[gefrierschrank-backend] [nio-8080-exec-6][0;39m [2m[0;39m[36mo.s.security.web.FilterChainProxy       [0;39m [2m:[0;39m Securing GET /h2-console/tree_index.gif
[2m2025-07-20T15:06:07.662+02:00[0;39m [32mDEBUG[0;39m [35m23298[0;39m [2m---[0;39m [2m[gefrierschrank-backend] [nio-8080-exec-9][0;39m [2m[0;39m[36mo.s.s.w.a.AnonymousAuthenticationFilter [0;39m [2m:[0;39m Set SecurityContextHolder to anonymous SecurityContext
[2m2025-07-20T15:06:07.662+02:00[0;39m [32mDEBUG[0;39m [35m23298[0;39m [2m---[0;39m [2m[gefrierschrank-backend] [nio-8080-exec-3][0;39m [2m[0;39m[36mo.s.s.w.a.AnonymousAuthenticationFilter [0;39m [2m:[0;39m Set SecurityContextHolder to anonymous SecurityContext
[2m2025-07-20T15:06:07.662+02:00[0;39m [32mDEBUG[0;39m [35m23298[0;39m [2m---[0;39m [2m[gefrierschrank-backend] [nio-8080-exec-6][0;39m [2m[0;39m[36mo.s.s.w.a.AnonymousAuthenticationFilter [0;39m [2m:[0;39m Set SecurityContextHolder to anonymous SecurityContext
[2m2025-07-20T15:06:07.662+02:00[0;39m [32mDEBUG[0;39m [35m23298[0;39m [2m---[0;39m [2m[gefrierschrank-backend] [nio-8080-exec-3][0;39m [2m[0;39m[36mo.s.security.web.FilterChainProxy       [0;39m [2m:[0;39m Secured GET /h2-console/tree_user.gif
[2m2025-07-20T15:06:07.662+02:00[0;39m [32mDEBUG[0;39m [35m23298[0;39m [2m---[0;39m [2m[gefrierschrank-backend] [nio-8080-exec-6][0;39m [2m[0;39m[36mo.s.security.web.FilterChainProxy       [0;39m [2m:[0;39m Secured GET /h2-console/tree_index.gif
[2m2025-07-20T15:06:07.662+02:00[0;39m [32mDEBUG[0;39m [35m23298[0;39m [2m---[0;39m [2m[gefrierschrank-backend] [nio-8080-exec-9][0;39m [2m[0;39m[36mo.s.security.web.FilterChainProxy       [0;39m [2m:[0;39m Secured GET /h2-console/tree_view.gif
[2m2025-07-20T15:06:07.683+02:00[0;39m [32mDEBUG[0;39m [35m23298[0;39m [2m---[0;39m [2m[gefrierschrank-backend] [nio-8080-exec-5][0;39m [2m[0;39m[36mo.s.security.web.FilterChainProxy       [0;39m [2m:[0;39m Securing GET /favicon.ico
[2m2025-07-20T15:06:07.684+02:00[0;39m [32mDEBUG[0;39m [35m23298[0;39m [2m---[0;39m [2m[gefrierschrank-backend] [nio-8080-exec-5][0;39m [2m[0;39m[36mo.s.s.w.a.AnonymousAuthenticationFilter [0;39m [2m:[0;39m Set SecurityContextHolder to anonymous SecurityContext
[2m2025-07-20T15:06:07.684+02:00[0;39m [32mDEBUG[0;39m [35m23298[0;39m [2m---[0;39m [2m[gefrierschrank-backend] [nio-8080-exec-5][0;39m [2m[0;39m[36mo.s.s.w.a.Http403ForbiddenEntryPoint    [0;39m [2m:[0;39m Pre-authenticated entry point called. Rejecting access
[2m2025-07-20T15:06:07.685+02:00[0;39m [32mDEBUG[0;39m [35m23298[0;39m [2m---[0;39m [2m[gefrierschrank-backend] [nio-8080-exec-5][0;39m [2m[0;39m[36mo.s.security.web.FilterChainProxy       [0;39m [2m:[0;39m Securing GET /error
[2m2025-07-20T15:06:07.685+02:00[0;39m [32mDEBUG[0;39m [35m23298[0;39m [2m---[0;39m [2m[gefrierschrank-backend] [nio-8080-exec-5][0;39m [2m[0;39m[36mo.s.s.w.a.AnonymousAuthenticationFilter [0;39m [2m:[0;39m Set SecurityContextHolder to anonymous SecurityContext
[2m2025-07-20T15:06:07.685+02:00[0;39m [32mDEBUG[0;39m [35m23298[0;39m [2m---[0;39m [2m[gefrierschrank-backend] [nio-8080-exec-5][0;39m [2m[0;39m[36mo.s.s.w.a.Http403ForbiddenEntryPoint    [0;39m [2m:[0;39m Pre-authenticated entry point called. Rejecting access
[2m2025-07-20T15:06:15.801+02:00[0;39m [32mDEBUG[0;39m [35m23298[0;39m [2m---[0;39m [2m[gefrierschrank-backend] [io-8080-exec-10][0;39m [2m[0;39m[36mo.s.security.web.FilterChainProxy       [0;39m [2m:[0;39m Securing POST /h2-console/query.do?jsessionid=a970aa027f450edbfdd4acce5f52438b
[2m2025-07-20T15:06:15.802+02:00[0;39m [32mDEBUG[0;39m [35m23298[0;39m [2m---[0;39m [2m[gefrierschrank-backend] [io-8080-exec-10][0;39m [2m[0;39m[36mo.s.s.w.a.AnonymousAuthenticationFilter [0;39m [2m:[0;39m Set SecurityContextHolder to anonymous SecurityContext
[2m2025-07-20T15:06:15.803+02:00[0;39m [32mDEBUG[0;39m [35m23298[0;39m [2m---[0;39m [2m[gefrierschrank-backend] [io-8080-exec-10][0;39m [2m[0;39m[36mo.s.security.web.FilterChainProxy       [0;39m [2m:[0;39m Secured POST /h2-console/query.do?jsessionid=a970aa027f450edbfdd4acce5f52438b
[2m2025-07-20T15:06:15.823+02:00[0;39m [32mDEBUG[0;39m [35m23298[0;39m [2m---[0;39m [2m[gefrierschrank-backend] [nio-8080-exec-8][0;39m [2m[0;39m[36mo.s.security.web.FilterChainProxy       [0;39m [2m:[0;39m Securing GET /h2-console/table.js
[2m2025-07-20T15:06:15.824+02:00[0;39m [32mDEBUG[0;39m [35m23298[0;39m [2m---[0;39m [2m[gefrierschrank-backend] [nio-8080-exec-8][0;39m [2m[0;39m[36mo.s.s.w.a.AnonymousAuthenticationFilter [0;39m [2m:[0;39m Set SecurityContextHolder to anonymous SecurityContext
[2m2025-07-20T15:06:15.824+02:00[0;39m [32mDEBUG[0;39m [35m23298[0;39m [2m---[0;39m [2m[gefrierschrank-backend] [nio-8080-exec-8][0;39m [2m[0;39m[36mo.s.security.web.FilterChainProxy       [0;39m [2m:[0;39m Secured GET /h2-console/table.js
[2m2025-07-20T15:07:11.302+02:00[0;39m [32mDEBUG[0;39m [35m23298[0;39m [2m---[0;39m [2m[gefrierschrank-backend] [nio-8080-exec-3][0;39m [2m[0;39m[36mo.s.security.web.FilterChainProxy       [0;39m [2m:[0;39m Securing POST /h2-console/query.do?jsessionid=a970aa027f450edbfdd4acce5f52438b
[2m2025-07-20T15:07:11.303+02:00[0;39m [32mDEBUG[0;39m [35m23298[0;39m [2m---[0;39m [2m[gefrierschrank-backend] [nio-8080-exec-3][0;39m [2m[0;39m[36mo.s.s.w.a.AnonymousAuthenticationFilter [0;39m [2m:[0;39m Set SecurityContextHolder to anonymous SecurityContext
[2m2025-07-20T15:07:11.303+02:00[0;39m [32mDEBUG[0;39m [35m23298[0;39m [2m---[0;39m [2m[gefrierschrank-backend] [nio-8080-exec-3][0;39m [2m[0;39m[36mo.s.security.web.FilterChainProxy       [0;39m [2m:[0;39m Secured POST /h2-console/query.do?jsessionid=a970aa027f450edbfdd4acce5f52438b
[2m2025-07-20T15:07:11.316+02:00[0;39m [32mDEBUG[0;39m [35m23298[0;39m [2m---[0;39m [2m[gefrierschrank-backend] [nio-8080-exec-9][0;39m [2m[0;39m[36mo.s.security.web.FilterChainProxy       [0;39m [2m:[0;39m Securing GET /h2-console/stylesheet.css
[2m2025-07-20T15:07:11.316+02:00[0;39m [32mDEBUG[0;39m [35m23298[0;39m [2m---[0;39m [2m[gefrierschrank-backend] [nio-8080-exec-5][0;39m [2m[0;39m[36mo.s.security.web.FilterChainProxy       [0;39m [2m:[0;39m Securing GET /h2-console/table.js
[2m2025-07-20T15:07:11.316+02:00[0;39m [32mDEBUG[0;39m [35m23298[0;39m [2m---[0;39m [2m[gefrierschrank-backend] [nio-8080-exec-9][0;39m [2m[0;39m[36mo.s.s.w.a.AnonymousAuthenticationFilter [0;39m [2m:[0;39m Set SecurityContextHolder to anonymous SecurityContext
[2m2025-07-20T15:07:11.317+02:00[0;39m [32mDEBUG[0;39m [35m23298[0;39m [2m---[0;39m [2m[gefrierschrank-backend] [nio-8080-exec-5][0;39m [2m[0;39m[36mo.s.s.w.a.AnonymousAuthenticationFilter [0;39m [2m:[0;39m Set SecurityContextHolder to anonymous SecurityContext
[2m2025-07-20T15:07:11.317+02:00[0;39m [32mDEBUG[0;39m [35m23298[0;39m [2m---[0;39m [2m[gefrierschrank-backend] [nio-8080-exec-9][0;39m [2m[0;39m[36mo.s.security.web.FilterChainProxy       [0;39m [2m:[0;39m Secured GET /h2-console/stylesheet.css
[2m2025-07-20T15:07:11.317+02:00[0;39m [32mDEBUG[0;39m [35m23298[0;39m [2m---[0;39m [2m[gefrierschrank-backend] [nio-8080-exec-5][0;39m [2m[0;39m[36mo.s.security.web.FilterChainProxy       [0;39m [2m:[0;39m Secured GET /h2-console/table.js
[2m2025-07-20T15:07:17.970+02:00[0;39m [32mDEBUG[0;39m [35m23298[0;39m [2m---[0;39m [2m[gefrierschrank-backend] [io-8080-exec-10][0;39m [2m[0;39m[36mo.s.security.web.FilterChainProxy       [0;39m [2m:[0;39m Securing POST /api/auth/signin
[2m2025-07-20T15:07:17.970+02:00[0;39m [32mDEBUG[0;39m [35m23298[0;39m [2m---[0;39m [2m[gefrierschrank-backend] [io-8080-exec-10][0;39m [2m[0;39m[36mo.s.s.w.a.AnonymousAuthenticationFilter [0;39m [2m:[0;39m Set SecurityContextHolder to anonymous SecurityContext
[2m2025-07-20T15:07:17.970+02:00[0;39m [32mDEBUG[0;39m [35m23298[0;39m [2m---[0;39m [2m[gefrierschrank-backend] [io-8080-exec-10][0;39m [2m[0;39m[36mo.s.security.web.FilterChainProxy       [0;39m [2m:[0;39m Secured POST /api/auth/signin
[2m2025-07-20T15:07:18.139+02:00[0;39m [32mDEBUG[0;39m [35m23298[0;39m [2m---[0;39m [2m[gefrierschrank-backend] [io-8080-exec-10][0;39m [2m[0;39m[36mo.s.s.a.dao.DaoAuthenticationProvider   [0;39m [2m:[0;39m Authenticated user
[2m2025-07-20T15:07:19.098+02:00[0;39m [32mDEBUG[0;39m [35m23298[0;39m [2m---[0;39m [2m[gefrierschrank-backend] [nio-8080-exec-4][0;39m [2m[0;39m[36mo.s.security.web.FilterChainProxy       [0;39m [2m:[0;39m Securing POST /api/auth/signin
[2m2025-07-20T15:07:19.099+02:00[0;39m [32mDEBUG[0;39m [35m23298[0;39m [2m---[0;39m [2m[gefrierschrank-backend] [nio-8080-exec-4][0;39m [2m[0;39m[36mo.s.s.w.a.AnonymousAuthenticationFilter [0;39m [2m:[0;39m Set SecurityContextHolder to anonymous SecurityContext
[2m2025-07-20T15:07:19.099+02:00[0;39m [32mDEBUG[0;39m [35m23298[0;39m [2m---[0;39m [2m[gefrierschrank-backend] [nio-8080-exec-4][0;39m [2m[0;39m[36mo.s.security.web.FilterChainProxy       [0;39m [2m:[0;39m Secured POST /api/auth/signin
[2m2025-07-20T15:07:19.173+02:00[0;39m [32mDEBUG[0;39m [35m23298[0;39m [2m---[0;39m [2m[gefrierschrank-backend] [nio-8080-exec-4][0;39m [2m[0;39m[36mo.s.s.a.dao.DaoAuthenticationProvider   [0;39m [2m:[0;39m Authenticated user
[2m2025-07-20T15:07:25.894+02:00[0;39m [32mDEBUG[0;39m [35m23298[0;39m [2m---[0;39m [2m[gefrierschrank-backend] [nio-8080-exec-6][0;39m [2m[0;39m[36mo.s.security.web.FilterChainProxy       [0;39m [2m:[0;39m Securing POST /api/auth/signin
[2m2025-07-20T15:07:25.894+02:00[0;39m [32mDEBUG[0;39m [35m23298[0;39m [2m---[0;39m [2m[gefrierschrank-backend] [nio-8080-exec-6][0;39m [2m[0;39m[36mo.s.s.w.a.AnonymousAuthenticationFilter [0;39m [2m:[0;39m Set SecurityContextHolder to anonymous SecurityContext
[2m2025-07-20T15:07:25.894+02:00[0;39m [32mDEBUG[0;39m [35m23298[0;39m [2m---[0;39m [2m[gefrierschrank-backend] [nio-8080-exec-6][0;39m [2m[0;39m[36mo.s.security.web.FilterChainProxy       [0;39m [2m:[0;39m Secured POST /api/auth/signin
[2m2025-07-20T15:07:25.960+02:00[0;39m [32mDEBUG[0;39m [35m23298[0;39m [2m---[0;39m [2m[gefrierschrank-backend] [nio-8080-exec-6][0;39m [2m[0;39m[36mo.s.s.a.dao.DaoAuthenticationProvider   [0;39m [2m:[0;39m Authenticated user
[2m2025-07-20T15:07:31.687+02:00[0;39m [32mDEBUG[0;39m [35m23298[0;39m [2m---[0;39m [2m[gefrierschrank-backend] [nio-8080-exec-2][0;39m [2m[0;39m[36mo.s.security.web.FilterChainProxy       [0;39m [2m:[0;39m Securing GET /api/auth/me
[2m2025-07-20T15:07:31.700+02:00[0;39m [32mDEBUG[0;39m [35m23298[0;39m [2m---[0;39m [2m[gefrierschrank-backend] [nio-8080-exec-2][0;39m [2m[0;39m[36mo.s.security.web.FilterChainProxy       [0;39m [2m:[0;39m Secured GET /api/auth/me
[2m2025-07-20T15:23:37.139+02:00[0;39m [32mDEBUG[0;39m [35m23298[0;39m [2m---[0;39m [2m[gefrierschrank-backend] [io-8080-exec-10][0;39m [2m[0;39m[36mo.s.security.web.FilterChainProxy       [0;39m [2m:[0;39m Securing OPTIONS /api/auth/signin
[2m2025-07-20T15:23:37.142+02:00[0;39m [32mDEBUG[0;39m [35m23298[0;39m [2m---[0;39m [2m[gefrierschrank-backend] [nio-8080-exec-8][0;39m [2m[0;39m[36mo.s.security.web.FilterChainProxy       [0;39m [2m:[0;39m Securing POST /api/auth/signin
[2m2025-07-20T15:23:37.145+02:00[0;39m [32mDEBUG[0;39m [35m23298[0;39m [2m---[0;39m [2m[gefrierschrank-backend] [nio-8080-exec-8][0;39m [2m[0;39m[36mo.s.s.w.a.AnonymousAuthenticationFilter [0;39m [2m:[0;39m Set SecurityContextHolder to anonymous SecurityContext
[2m2025-07-20T15:23:37.145+02:00[0;39m [32mDEBUG[0;39m [35m23298[0;39m [2m---[0;39m [2m[gefrierschrank-backend] [nio-8080-exec-8][0;39m [2m[0;39m[36mo.s.security.web.FilterChainProxy       [0;39m [2m:[0;39m Secured POST /api/auth/signin
[2m2025-07-20T15:23:37.235+02:00[0;39m [32mDEBUG[0;39m [35m23298[0;39m [2m---[0;39m [2m[gefrierschrank-backend] [nio-8080-exec-8][0;39m [2m[0;39m[36mo.s.s.a.dao.DaoAuthenticationProvider   [0;39m [2m:[0;39m Authenticated user
[2m2025-07-20T15:24:56.483+02:00[0;39m [32mDEBUG[0;39m [35m23298[0;39m [2m---[0;39m [2m[gefrierschrank-backend] [nio-8080-exec-1][0;39m [2m[0;39m[36mo.s.security.web.FilterChainProxy       [0;39m [2m:[0;39m Securing OPTIONS /api/auth/signin
[2m2025-07-20T15:24:56.487+02:00[0;39m [32mDEBUG[0;39m [35m23298[0;39m [2m---[0;39m [2m[gefrierschrank-backend] [nio-8080-exec-6][0;39m [2m[0;39m[36mo.s.security.web.FilterChainProxy       [0;39m [2m:[0;39m Securing POST /api/auth/signin
[2m2025-07-20T15:24:56.488+02:00[0;39m [32mDEBUG[0;39m [35m23298[0;39m [2m---[0;39m [2m[gefrierschrank-backend] [nio-8080-exec-6][0;39m [2m[0;39m[36mo.s.s.w.a.AnonymousAuthenticationFilter [0;39m [2m:[0;39m Set SecurityContextHolder to anonymous SecurityContext
[2m2025-07-20T15:24:56.488+02:00[0;39m [32mDEBUG[0;39m [35m23298[0;39m [2m---[0;39m [2m[gefrierschrank-backend] [nio-8080-exec-6][0;39m [2m[0;39m[36mo.s.security.web.FilterChainProxy       [0;39m [2m:[0;39m Secured POST /api/auth/signin
[2m2025-07-20T15:24:56.582+02:00[0;39m [32mDEBUG[0;39m [35m23298[0;39m [2m---[0;39m [2m[gefrierschrank-backend] [nio-8080-exec-6][0;39m [2m[0;39m[36mo.s.s.a.dao.DaoAuthenticationProvider   [0;39m [2m:[0;39m Authenticated user
[2m2025-07-20T15:27:23.178+02:00[0;39m [32mDEBUG[0;39m [35m23298[0;39m [2m---[0;39m [2m[gefrierschrank-backend] [nio-8080-exec-2][0;39m [2m[0;39m[36mo.s.security.web.FilterChainProxy       [0;39m [2m:[0;39m Securing OPTIONS /api/auth/signin
[2m2025-07-20T15:27:23.181+02:00[0;39m [32mDEBUG[0;39m [35m23298[0;39m [2m---[0;39m [2m[gefrierschrank-backend] [nio-8080-exec-3][0;39m [2m[0;39m[36mo.s.security.web.FilterChainProxy       [0;39m [2m:[0;39m Securing POST /api/auth/signin
[2m2025-07-20T15:27:23.181+02:00[0;39m [32mDEBUG[0;39m [35m23298[0;39m [2m---[0;39m [2m[gefrierschrank-backend] [nio-8080-exec-3][0;39m [2m[0;39m[36mo.s.s.w.a.AnonymousAuthenticationFilter [0;39m [2m:[0;39m Set SecurityContextHolder to anonymous SecurityContext
[2m2025-07-20T15:27:23.181+02:00[0;39m [32mDEBUG[0;39m [35m23298[0;39m [2m---[0;39m [2m[gefrierschrank-backend] [nio-8080-exec-3][0;39m [2m[0;39m[36mo.s.security.web.FilterChainProxy       [0;39m [2m:[0;39m Secured POST /api/auth/signin
[2m2025-07-20T15:27:23.275+02:00[0;39m [32mDEBUG[0;39m [35m23298[0;39m [2m---[0;39m [2m[gefrierschrank-backend] [nio-8080-exec-3][0;39m [2m[0;39m[36mo.s.s.a.dao.DaoAuthenticationProvider   [0;39m [2m:[0;39m Authenticated user
